<?xml version="1.0" encoding="UTF-8"?>
<testsuite xmlns:xsi="http://www.w3.org/2001/XMLSchema-instance" xsi:noNamespaceSchemaLocation="https://maven.apache.org/surefire/maven-surefire-plugin/xsd/surefire-test-report-3.0.xsd" version="3.0" name="TestSuite" time="1.034" tests="1" errors="0" skipped="0" failures="0">
  <properties>
[...]
</properties>
  <testcase name="main" classname="com.app.test.AppTest" time="0.673">
    <system-out><![CDATA[Application Started...Test
Successfully Created Execution_v1.docx file
Application Shutting Down with Success...Test
]]></system-out>
  </testcase>
</testsuite>