<?xml version="1.0" encoding="UTF-8"?>
<testng-results ignored="0" total="1" passed="1" failed="0" skipped="0">
  <reporter-output>
  </reporter-output>
  <suite started-at="2022-07-26T04:22:42 EDT" name="Suite" finished-at="2022-07-26T04:22:43 EDT" duration-ms="694">
    <groups>
    </groups>
    <test started-at="2022-07-26T04:22:42 EDT" name="Test" finished-at="2022-07-26T04:22:43 EDT" duration-ms="694">
      <class name="com.app.test.AppTest">
        <test-method signature="main()[pri:0, instance:com.app.test.AppTest@3e3047e6]" started-at="2022-07-26T04:22:42 EDT" name="main" finished-at="2022-07-26T04:22:43 EDT" duration-ms="671" status="PASS">
          <reporter-output>
          </reporter-output>
        </test-method> <!-- main -->
      </class> <!-- com.app.test.AppTest -->
    </test> <!-- Test -->
  </suite> <!-- Suite -->
</testng-results>
