<?xml version="1.0" encoding="UTF-8"?>
<testng-results ignored="1" total="2" passed="1" failed="0" skipped="0">
  <reporter-output>
  </reporter-output>
  <suite started-at="2022-07-26T03:39:45 EDT" name="Default suite" finished-at="2022-07-26T03:39:45 EDT" duration-ms="53">
    <groups>
    </groups>
    <test started-at="2022-07-26T03:39:45 EDT" name="Default test" finished-at="2022-07-26T03:39:45 EDT" duration-ms="53">
      <class name="com.app.test.roughTest.RoughTest">
        <test-method signature="m2()[pri:0, instance:com.app.test.roughTest.RoughTest@5cee5251]" started-at="2022-07-26T03:39:45 EDT" name="m2" finished-at="2022-07-26T03:39:45 EDT" duration-ms="10" status="PASS">
          <reporter-output>
          </reporter-output>
        </test-method> <!-- m2 -->
      </class> <!-- com.app.test.roughTest.RoughTest -->
    </test> <!-- Default test -->
  </suite> <!-- Default suite -->
</testng-results>
